
Copyright (C) 1994-2023 Synopsys, Inc.
This Synopsys software and all associated documentation are proprietary to Synopsys, Inc.
and may only be used pursuant to the terms and conditions of a written license agreement
with Synopsys, Inc. All other use, reproduction, modification, or distribution of the
Synopsys software or the associated documentation is strictly prohibited.
Tool: Synplify Pro (R)
Build: U-2023.03L-SP1
Install: C:\lscc\diamond\3.13\synpbase
OS: Windows 10 or later
Hostname: TYLER

Implementation : GDS_QMOD
Synopsys HDL compiler and linker, Version comp202303synp1, Build 155R, Built Aug 10 2023 09:42:17, @

Modified Files: 6
FID:  path (prevtimestamp, timestamp)
0        C:\Users\tyler_hyposvu\OneDrive - UW-Madison\Research\IARPA\QMOD_GDS\waves.sv (N/A, 2024-07-05 17:15:31)
1        C:\lscc\diamond\3.13\synpbase\lib\lucent\machxo3lf.v (N/A, 2023-08-10 12:56:42)
2        C:\lscc\diamond\3.13\synpbase\lib\lucent\pmi_def.v (N/A, 2023-08-10 12:56:42)
3        C:\lscc\diamond\3.13\synpbase\lib\vlog\hypermods.v (N/A, 2023-08-10 10:32:12)
4        C:\lscc\diamond\3.13\synpbase\lib\vlog\scemi_objects.v (N/A, 2023-08-10 10:32:12)
5        C:\lscc\diamond\3.13\synpbase\lib\vlog\scemi_pipes.svh (N/A, 2023-08-10 10:32:12)

*******************************************************************
Modules that may have changed as a result of file changes: 1
MID:  lib.cell.view
0        work.waves.verilog may have changed because the following files changed:
                        C:\Users\tyler_hyposvu\OneDrive - UW-Madison\Research\IARPA\QMOD_GDS\waves.sv (N/A, 2024-07-05 17:15:31) <-- (module definition)

*******************************************************************
Unmodified files: 0
FID:  path (timestamp)

*******************************************************************
Unchanged modules: 0
MID:  lib.cell.view
