
*** Running vivado
    with args -log waves.vds -m64 -product Vivado -mode batch -messageDb vivado.pb -notrace -source waves.tcl



****** Vivado v2024.1 (64-bit)
  **** SW Build 5076996 on Wed May 22 18:37:14 MDT 2024
  **** IP Build 5075265 on Wed May 22 21:45:21 MDT 2024
  **** SharedData Build 5076995 on Wed May 22 18:29:18 MDT 2024
  **** Start of session at: Wed Jul 17 11:10:18 2024
    ** Copyright 1986-2022 Xilinx, Inc. All Rights Reserved.
    ** Copyright 2022-2024 Advanced Micro Devices, Inc. All Rights Reserved.

source waves.tcl -notrace
Command: read_checkpoint -auto_incremental -incremental {C:/Users/tyler_hyposvu/OneDrive - UW-Madison/Research/IARPA/QMOD_GDS/QMOD_GDS_Nexy/QMOD_GDS_Nexy.srcs/utils_1/imports/synth_1/waves.dcp}
INFO: [Vivado 12-5825] Read reference checkpoint from C:/Users/tyler_hyposvu/OneDrive - UW-Madison/Research/IARPA/QMOD_GDS/QMOD_GDS_Nexy/QMOD_GDS_Nexy.srcs/utils_1/imports/synth_1/waves.dcp for incremental synthesis
INFO: [Vivado 12-7989] Please ensure there are no constraint changes
Command: synth_design -top waves -part xc7a100tcsg324-1
Starting synth_design
Attempting to get a license for feature 'Synthesis' and/or device 'xc7a100t'
INFO: [Common 17-349] Got license for feature 'Synthesis' and/or device 'xc7a100t'
INFO: [Device 21-403] Loading part xc7a100tcsg324-1
INFO: [Device 21-9227] Part: xc7a100tcsg324-1 does not have CEAM library.
INFO: [Designutils 20-5440] No compile time benefit to using incremental synthesis; A full resynthesis will be run
INFO: [Designutils 20-4379] Flow is switching to default flow due to incremental criteria not met. If you would like to alter this behaviour and have the flow terminate instead, please set the following parameter config_implementation {autoIncr.Synth.RejectBehavior Terminate}
INFO: [Synth 8-7079] Multithreading enabled for synth_design using a maximum of 2 processes.
INFO: [Synth 8-7078] Launching helper process for spawning children vivado processes
INFO: [Synth 8-7075] Helper process launched with PID 32620
---------------------------------------------------------------------------------
Starting RTL Elaboration : Time (s): cpu = 00:00:03 ; elapsed = 00:00:11 . Memory (MB): peak = 1412.426 ; gain = 449.719
---------------------------------------------------------------------------------
INFO: [Synth 8-6157] synthesizing module 'waves' [C:/Users/tyler_hyposvu/OneDrive - UW-Madison/Research/IARPA/QMOD_GDS/waves.sv:1]
INFO: [Synth 8-6157] synthesizing module 'clk_wiz_0' [C:/Users/tyler_hyposvu/OneDrive - UW-Madison/Research/IARPA/QMOD_GDS/QMOD_GDS_Nexy/QMOD_GDS_Nexy.runs/synth_1/.Xil/Vivado-25096-Tyler/realtime/clk_wiz_0_stub.v:6]
INFO: [Synth 8-6155] done synthesizing module 'clk_wiz_0' (0#1) [C:/Users/tyler_hyposvu/OneDrive - UW-Madison/Research/IARPA/QMOD_GDS/QMOD_GDS_Nexy/QMOD_GDS_Nexy.runs/synth_1/.Xil/Vivado-25096-Tyler/realtime/clk_wiz_0_stub.v:6]
INFO: [Synth 8-6155] done synthesizing module 'waves' (0#1) [C:/Users/tyler_hyposvu/OneDrive - UW-Madison/Research/IARPA/QMOD_GDS/waves.sv:1]
WARNING: [Synth 8-3848] Net reset in module/entity waves does not have driver. [C:/Users/tyler_hyposvu/OneDrive - UW-Madison/Research/IARPA/QMOD_GDS/waves.sv:8]
---------------------------------------------------------------------------------
Finished RTL Elaboration : Time (s): cpu = 00:00:04 ; elapsed = 00:00:15 . Memory (MB): peak = 1520.898 ; gain = 558.191
---------------------------------------------------------------------------------
---------------------------------------------------------------------------------
Start Handling Custom Attributes
---------------------------------------------------------------------------------
---------------------------------------------------------------------------------
Finished Handling Custom Attributes : Time (s): cpu = 00:00:04 ; elapsed = 00:00:15 . Memory (MB): peak = 1520.898 ; gain = 558.191
---------------------------------------------------------------------------------
---------------------------------------------------------------------------------
Finished RTL Optimization Phase 1 : Time (s): cpu = 00:00:04 ; elapsed = 00:00:15 . Memory (MB): peak = 1520.898 ; gain = 558.191
---------------------------------------------------------------------------------
Netlist sorting complete. Time (s): cpu = 00:00:00 ; elapsed = 00:00:00.011 . Memory (MB): peak = 1520.898 ; gain = 0.000
INFO: [Project 1-570] Preparing netlist for logic optimization

Processing XDC Constraints
Initializing timing engine
Parsing XDC File [c:/Users/tyler_hyposvu/OneDrive - UW-Madison/Research/IARPA/QMOD_GDS/QMOD_GDS_Nexy/QMOD_GDS_Nexy.gen/sources_1/ip/clk_wiz_0_1/clk_wiz_0/clk_wiz_0_in_context.xdc] for cell 'instance_name'
Finished Parsing XDC File [c:/Users/tyler_hyposvu/OneDrive - UW-Madison/Research/IARPA/QMOD_GDS/QMOD_GDS_Nexy/QMOD_GDS_Nexy.gen/sources_1/ip/clk_wiz_0_1/clk_wiz_0/clk_wiz_0_in_context.xdc] for cell 'instance_name'
Parsing XDC File [C:/Users/tyler_hyposvu/OneDrive - UW-Madison/Research/IARPA/QMOD_GDS/nexys_a7.xdc]
Finished Parsing XDC File [C:/Users/tyler_hyposvu/OneDrive - UW-Madison/Research/IARPA/QMOD_GDS/nexys_a7.xdc]
INFO: [Project 1-236] Implementation specific constraints were found while reading constraint file [C:/Users/tyler_hyposvu/OneDrive - UW-Madison/Research/IARPA/QMOD_GDS/nexys_a7.xdc]. These constraints will be ignored for synthesis but will be used in implementation. Impacted constraints are listed in the file [.Xil/waves_propImpl.xdc].
Resolution: To avoid this warning, move constraints listed in [.Xil/waves_propImpl.xdc] to another XDC file and exclude this new file from synthesis with the used_in_synthesis property (File Properties dialog in GUI) and re-run elaboration/synthesis.
Completed Processing XDC Constraints

Netlist sorting complete. Time (s): cpu = 00:00:00 ; elapsed = 00:00:00.001 . Memory (MB): peak = 1527.195 ; gain = 0.000
INFO: [Project 1-111] Unisim Transformation Summary:
No Unisim elements were transformed.

Constraint Validation Runtime : Time (s): cpu = 00:00:00 ; elapsed = 00:00:00.010 . Memory (MB): peak = 1527.195 ; gain = 0.000
INFO: [Designutils 20-5440] No compile time benefit to using incremental synthesis; A full resynthesis will be run
INFO: [Designutils 20-4379] Flow is switching to default flow due to incremental criteria not met. If you would like to alter this behaviour and have the flow terminate instead, please set the following parameter config_implementation {autoIncr.Synth.RejectBehavior Terminate}
---------------------------------------------------------------------------------
Finished Constraint Validation : Time (s): cpu = 00:00:11 ; elapsed = 00:00:30 . Memory (MB): peak = 1527.195 ; gain = 564.488
---------------------------------------------------------------------------------
---------------------------------------------------------------------------------
Start Loading Part and Timing Information
---------------------------------------------------------------------------------
Loading part: xc7a100tcsg324-1
---------------------------------------------------------------------------------
Finished Loading Part and Timing Information : Time (s): cpu = 00:00:11 ; elapsed = 00:00:30 . Memory (MB): peak = 1527.195 ; gain = 564.488
---------------------------------------------------------------------------------
---------------------------------------------------------------------------------
Start Applying 'set_property' XDC Constraints
---------------------------------------------------------------------------------
Applied set_property IO_BUFFER_TYPE = NONE for osc. (constraint file  {c:/Users/tyler_hyposvu/OneDrive - UW-Madison/Research/IARPA/QMOD_GDS/QMOD_GDS_Nexy/QMOD_GDS_Nexy.gen/sources_1/ip/clk_wiz_0_1/clk_wiz_0/clk_wiz_0_in_context.xdc}, line 3).
Applied set_property CLOCK_BUFFER_TYPE = NONE for osc. (constraint file  {c:/Users/tyler_hyposvu/OneDrive - UW-Madison/Research/IARPA/QMOD_GDS/QMOD_GDS_Nexy/QMOD_GDS_Nexy.gen/sources_1/ip/clk_wiz_0_1/clk_wiz_0/clk_wiz_0_in_context.xdc}, line 4).
Applied set_property KEEP_HIERARCHY = SOFT for instance_name. (constraint file  auto generated constraint).
---------------------------------------------------------------------------------
Finished applying 'set_property' XDC Constraints : Time (s): cpu = 00:00:11 ; elapsed = 00:00:30 . Memory (MB): peak = 1527.195 ; gain = 564.488
---------------------------------------------------------------------------------
---------------------------------------------------------------------------------
Finished RTL Optimization Phase 2 : Time (s): cpu = 00:00:11 ; elapsed = 00:00:30 . Memory (MB): peak = 1527.195 ; gain = 564.488
---------------------------------------------------------------------------------
---------------------------------------------------------------------------------
Start RTL Component Statistics 
---------------------------------------------------------------------------------
Detailed RTL Component Info : 
+---Adders : 
	   2 Input   32 Bit       Adders := 1     
	   2 Input   10 Bit       Adders := 1     
+---Registers : 
	               32 Bit    Registers := 1     
	                1 Bit    Registers := 2     
+---Muxes : 
	   2 Input    1 Bit        Muxes := 1     
---------------------------------------------------------------------------------
Finished RTL Component Statistics 
---------------------------------------------------------------------------------
---------------------------------------------------------------------------------
Start Part Resource Summary
---------------------------------------------------------------------------------
Part Resources:
DSPs: 240 (col length:80)
BRAMs: 270 (col length: RAMB18 80 RAMB36 40)
---------------------------------------------------------------------------------
Finished Part Resource Summary
---------------------------------------------------------------------------------
---------------------------------------------------------------------------------
Start Cross Boundary and Area Optimization
---------------------------------------------------------------------------------
WARNING: [Synth 8-7080] Parallel synthesis criteria is not met
---------------------------------------------------------------------------------
Finished Cross Boundary and Area Optimization : Time (s): cpu = 00:00:13 ; elapsed = 00:00:35 . Memory (MB): peak = 1527.195 ; gain = 564.488
---------------------------------------------------------------------------------
---------------------------------------------------------------------------------
Start Applying XDC Timing Constraints
---------------------------------------------------------------------------------
---------------------------------------------------------------------------------
Finished Applying XDC Timing Constraints : Time (s): cpu = 00:00:18 ; elapsed = 00:00:45 . Memory (MB): peak = 1527.195 ; gain = 564.488
---------------------------------------------------------------------------------
---------------------------------------------------------------------------------
Start Timing Optimization
---------------------------------------------------------------------------------
---------------------------------------------------------------------------------
Finished Timing Optimization : Time (s): cpu = 00:00:18 ; elapsed = 00:00:45 . Memory (MB): peak = 1527.566 ; gain = 564.859
---------------------------------------------------------------------------------
---------------------------------------------------------------------------------
Start Technology Mapping
---------------------------------------------------------------------------------
---------------------------------------------------------------------------------
Finished Technology Mapping : Time (s): cpu = 00:00:18 ; elapsed = 00:00:46 . Memory (MB): peak = 1527.566 ; gain = 564.859
---------------------------------------------------------------------------------
---------------------------------------------------------------------------------
Start IO Insertion
---------------------------------------------------------------------------------
---------------------------------------------------------------------------------
Start Flattening Before IO Insertion
---------------------------------------------------------------------------------
---------------------------------------------------------------------------------
Finished Flattening Before IO Insertion
---------------------------------------------------------------------------------
---------------------------------------------------------------------------------
Start Final Netlist Cleanup
---------------------------------------------------------------------------------
---------------------------------------------------------------------------------
Finished Final Netlist Cleanup
---------------------------------------------------------------------------------
CRITICAL WARNING: [Synth 8-4442] BlackBox module instance_name has unconnected pin reset
---------------------------------------------------------------------------------
Finished IO Insertion : Time (s): cpu = 00:00:23 ; elapsed = 00:00:54 . Memory (MB): peak = 1527.566 ; gain = 564.859
---------------------------------------------------------------------------------
---------------------------------------------------------------------------------
Start Renaming Generated Instances
---------------------------------------------------------------------------------
---------------------------------------------------------------------------------
Finished Renaming Generated Instances : Time (s): cpu = 00:00:23 ; elapsed = 00:00:54 . Memory (MB): peak = 1527.566 ; gain = 564.859
---------------------------------------------------------------------------------
---------------------------------------------------------------------------------
Start Rebuilding User Hierarchy
---------------------------------------------------------------------------------
---------------------------------------------------------------------------------
Finished Rebuilding User Hierarchy : Time (s): cpu = 00:00:23 ; elapsed = 00:00:54 . Memory (MB): peak = 1527.566 ; gain = 564.859
---------------------------------------------------------------------------------
---------------------------------------------------------------------------------
Start Renaming Generated Ports
---------------------------------------------------------------------------------
---------------------------------------------------------------------------------
Finished Renaming Generated Ports : Time (s): cpu = 00:00:23 ; elapsed = 00:00:54 . Memory (MB): peak = 1527.566 ; gain = 564.859
---------------------------------------------------------------------------------
---------------------------------------------------------------------------------
Start Handling Custom Attributes
---------------------------------------------------------------------------------
---------------------------------------------------------------------------------
Finished Handling Custom Attributes : Time (s): cpu = 00:00:23 ; elapsed = 00:00:54 . Memory (MB): peak = 1527.566 ; gain = 564.859
---------------------------------------------------------------------------------
---------------------------------------------------------------------------------
Start Renaming Generated Nets
---------------------------------------------------------------------------------
---------------------------------------------------------------------------------
Finished Renaming Generated Nets : Time (s): cpu = 00:00:23 ; elapsed = 00:00:54 . Memory (MB): peak = 1527.566 ; gain = 564.859
---------------------------------------------------------------------------------
---------------------------------------------------------------------------------
Start Writing Synthesis Report
---------------------------------------------------------------------------------

Report BlackBoxes: 
+------+--------------+----------+
|      |BlackBox name |Instances |
+------+--------------+----------+
|1     |clk_wiz_0     |         1|
+------+--------------+----------+

Report Cell Usage: 
+------+--------+------+
|      |Cell    |Count |
+------+--------+------+
|1     |clk_wiz |     1|
|2     |CARRY4  |    13|
|3     |LUT1    |     2|
|4     |LUT2    |    10|
|5     |LUT3    |     1|
|6     |LUT4    |     8|
|7     |LUT5    |    37|
|8     |LUT6    |    13|
|9     |FDRE    |    44|
|10    |OBUF    |     3|
+------+--------+------+
---------------------------------------------------------------------------------
Finished Writing Synthesis Report : Time (s): cpu = 00:00:23 ; elapsed = 00:00:54 . Memory (MB): peak = 1527.566 ; gain = 564.859
---------------------------------------------------------------------------------
Synthesis finished with 0 errors, 1 critical warnings and 1 warnings.
Synthesis Optimization Runtime : Time (s): cpu = 00:00:17 ; elapsed = 00:00:50 . Memory (MB): peak = 1527.566 ; gain = 558.562
Synthesis Optimization Complete : Time (s): cpu = 00:00:23 ; elapsed = 00:00:55 . Memory (MB): peak = 1527.566 ; gain = 564.859
INFO: [Project 1-571] Translating synthesized netlist
Netlist sorting complete. Time (s): cpu = 00:00:00 ; elapsed = 00:00:00.004 . Memory (MB): peak = 1527.566 ; gain = 0.000
INFO: [Netlist 29-17] Analyzing 13 Unisim elements for replacement
INFO: [Netlist 29-28] Unisim Transformation completed in 0 CPU seconds
INFO: [Project 1-570] Preparing netlist for logic optimization
INFO: [Opt 31-138] Pushed 0 inverter(s) to 0 load pin(s).
Netlist sorting complete. Time (s): cpu = 00:00:00 ; elapsed = 00:00:00 . Memory (MB): peak = 1527.566 ; gain = 0.000
INFO: [Project 1-111] Unisim Transformation Summary:
No Unisim elements were transformed.

Synth Design complete | Checksum: 4af09e51
INFO: [Common 17-83] Releasing license: Synthesis
26 Infos, 2 Warnings, 1 Critical Warnings and 0 Errors encountered.
synth_design completed successfully
INFO: [Common 17-600] The following parameters have non-default value.
tcl.statsThreshold
INFO: [runtcl-6] Synthesis results are not added to the cache due to CRITICAL_WARNING
Write ShapeDB Complete: Time (s): cpu = 00:00:00 ; elapsed = 00:00:00.003 . Memory (MB): peak = 1527.566 ; gain = 0.000
INFO: [Common 17-1381] The checkpoint 'C:/Users/tyler_hyposvu/OneDrive - UW-Madison/Research/IARPA/QMOD_GDS/QMOD_GDS_Nexy/QMOD_GDS_Nexy.runs/synth_1/waves.dcp' has been generated.
INFO: [Vivado 12-24828] Executing command : report_utilization -file waves_utilization_synth.rpt -pb waves_utilization_synth.pb
INFO: [Common 17-206] Exiting Vivado at Wed Jul 17 11:11:43 2024...
