
            Lattice Mapping Report File for Design Module 'waves'


Design Information
------------------

Command line:   map -a MachXO3LF -p LCMXO3LF-6900C -t CABGA256 -s 5 -oc
     Commercial GDS_QMOD_4_GDS_QMOD.ngd -o GDS_QMOD_4_GDS_QMOD_map.ncd -pr
     GDS_QMOD_4_GDS_QMOD.prf -mp GDS_QMOD_4_GDS_QMOD.mrp -lpf
     C:/Users/tyler_hyposvu/OneDrive - UW-Madison/Research/IARPA/QMOD_GDS/GDS_QM
     OD/GDS_QMOD_4_GDS_QMOD_synplify.lpf -lpf C:/Users/tyler_hyposvu/OneDrive -
     UW-Madison/Research/IARPA/QMOD_GDS/GDS_QMOD_4.lpf -c 0 -gui 
Target Vendor:  LATTICE
Target Device:  LCMXO3LF-6900CCABGA256
Target Performance:   5
Mapper:  xo3c00f,  version:  Diamond (64-bit) 3.13.0.56.2
Mapped on:  07/05/24  17:16:18

Design Summary
--------------

   Number of registers:     13 out of  7485 (0%)
      PFU registers:           12 out of  6864 (0%)
      PIO registers:            1 out of   621 (0%)
   Number of SLICEs:        11 out of  3432 (0%)
      SLICEs as Logic/ROM:     11 out of  3432 (0%)
      SLICEs as RAM:            0 out of  2574 (0%)
      SLICEs as Carry:          7 out of  3432 (0%)
   Number of LUT4s:         22 out of  6864 (0%)
      Number used as logic LUTs:          8
      Number used as distributed RAM:     0
      Number used as ripple logic:       14
      Number used as shift registers:     0
   Number of PIO sites used: 3 + 4(JTAG) out of 207 (3%)
   Number of block RAMs:  1 out of 26 (4%)
   Number of GSRs:        0 out of 1 (0%)
   EFB used :        No
   JTAG used :       No
   Readback used :   No
   Oscillator used : No
   Startup used :    No
   POR :             On
   Bandgap :         On
   Number of Power Controller:  0 out of 1 (0%)
   Number of Dynamic Bank Controller (BCINRD):  0 out of 6 (0%)
   Number of Dynamic Bank Controller (BCLVDSO):  0 out of 1 (0%)
   Number of DCCA:  0 out of 8 (0%)
   Number of DCMA:  0 out of 2 (0%)
   Number of PLLs:  0 out of 2 (0%)
   Number of DQSDLLs:  0 out of 2 (0%)
   Number of CLKDIVC:  0 out of 4 (0%)
   Number of ECLKSYNCA:  0 out of 4 (0%)
   Number of ECLKBRIDGECS:  0 out of 2 (0%)
   Notes:-
      1. Total number of LUT4s = (Number of logic LUT4s) + 2*(Number of
     distributed RAMs) + 2*(Number of ripple logic)
      2. Number of logic LUT4s does not include count of distributed RAM and
     ripple logic.
   Number of clocks:  1
     Net clk_c: 9 loads, 9 rising, 0 falling (Driver: PIO clk )
   Number of Clock Enables:  1

                                    Page 1




Design:  waves                                         Date:  07/05/24  17:16:18

Design Summary (cont)
---------------------
     Net GDS7: 3 loads, 0 LSLICEs
   Number of LSRs:  1
     Net GDS7_i: 7 loads, 7 LSLICEs
   Number of nets driven by tri-state buffers:  0
   Top 10 highest fanout non-clock nets:
     Net GDS7_i: 7 loads
     Net bit_cnt[11]: 5 loads
     Net bit_cnt[8]: 5 loads
     Net bit_cnt[10]: 4 loads
     Net bit_cnt[5]: 4 loads
     Net bit_cnt[6]: 4 loads
     Net bit_cnt[7]: 4 loads
     Net bit_cnt[9]: 4 loads
     Net bit_cnt[0]: 3 loads
     Net bit_cnt[1]: 3 loads




   Number of warnings:  0
   Number of errors:    0
     

Design Errors/Warnings
----------------------

   No errors or warnings present.

IO (PIO) Attributes
-------------------

+---------------------+-----------+-----------+------------+
| IO Name             | Direction | Levelmode | IO         |
|                     |           |  IO_TYPE  | Register   |
+---------------------+-----------+-----------+------------+
| GDS                 | OUTPUT    | LVCMOS25  |            |
+---------------------+-----------+-----------+------------+
| clk                 | INPUT     | LVCMOS25  |            |
+---------------------+-----------+-----------+------------+
| QMOD                | OUTPUT    | LVCMOS25  | OUT        |
+---------------------+-----------+-----------+------------+

Removed logic
-------------

Block GSR_INST undriven or does not drive anything - clipped.
Signal GND undriven or does not drive anything - clipped.
Signal bit_cnt_1_s_11_0_S1 undriven or does not drive anything - clipped.
Signal bit_cnt_1_s_11_0_COUT undriven or does not drive anything - clipped.
Signal GDS_2_0_0_DO8 undriven or does not drive anything - clipped.
Signal GDS_2_0_0_DO7 undriven or does not drive anything - clipped.
Signal GDS_2_0_0_DO6 undriven or does not drive anything - clipped.
Signal GDS_2_0_0_DO5 undriven or does not drive anything - clipped.
Signal GDS_2_0_0_DO4 undriven or does not drive anything - clipped.
Signal GDS_2_0_0_DO3 undriven or does not drive anything - clipped.
Signal GDS_2_0_0_DO2 undriven or does not drive anything - clipped.

                                    Page 2




Design:  waves                                         Date:  07/05/24  17:16:18

Removed logic (cont)
--------------------
Signal GDS_2_0_0_DO1 undriven or does not drive anything - clipped.
Signal bit_cnt_1_cry_0_0_S1 undriven or does not drive anything - clipped.
Signal bit_cnt_1_cry_0_0_S0 undriven or does not drive anything - clipped.
Signal N_1 undriven or does not drive anything - clipped.
Block GND was optimized away.

Memory Usage
------------

/:
    EBRs: 1
    RAM SLICEs: 0
    Logic SLICEs: 11
    PFU Registers: 12
    -Contains EBR GDS_2_0_0:  TYPE= SP8KC,  Width= 1,  Depth= 4096,  REGMODE=
         NOREG,  RESETMODE= SYNC,  WRITEMODE= NORMAL,  GSR= DISABLED

     

ASIC Components
---------------

Instance Name: GDS_2_0_0
         Type: SP8KC

Run Time and Memory Usage
-------------------------

   Total CPU Time: 0 secs  
   Total REAL Time: 0 secs  
   Peak Memory Usage: 36 MB
        

























                                    Page 3


Copyright (c) 1991-1994 by NeoCAD Inc. All rights reserved.
     Copyright (c) 1995 AT&T Corp.   All rights reserved.
     Copyright (c) 1995-2001 Lucent Technologies Inc.  All rights reserved.
     Copyright (c) 2001 Agere Systems   All rights reserved.
     Copyright (c) 2002-2023 Lattice Semiconductor Corporation,  All rights
     reserved.
